<?xml version="1.0" encoding="UTF-8"?>
<!-- Generated by org.testng.reporters.JUnitXMLReporter -->
<testsuite ignored="0" hostname="DESKTOP-F9G1IRJ" failures="0" tests="3" name="OrangeHRMLogin" time="0.137" errors="0" timestamp="2023-12-17T08:04:39 EST">
  <testcase classname="browser.ClassTwo" name="LaunchApp" time="0.025"/>
  <testcase classname="browser.ClassTwo" name="EnterLoginDetails" time="0.003"/>
  <testcase classname="browser.ClassTwo" name="VerifyLogin" time="0.002"/>
</testsuite> <!-- OrangeHRMLogin -->
