<?xml version="1.0" encoding="UTF-8"?>
<!-- Generated by org.testng.reporters.JUnitXMLReporter -->
<testsuite ignored="2" hostname="DESKTOP-F9G1IRJ" failures="1" tests="1" name="FacebookTest" time="10.971" errors="0" timestamp="2023-12-26T22:14:42 EST">
  <testcase classname="com.smart.extentReports.TestClass" name="testFacebook" time="8.267">
    <failure type="java.lang.AssertionError" message="The following asserts failed:
	&amp;gt;&amp;gt; Title mismatched! expected [Login to Facebook] but found [Log into Facebook]">
      <![CDATA[java.lang.AssertionError: The following asserts failed:
>> Title mismatched! expected [Login to Facebook] but found [Log into Facebook]
at com.smart.extentReports.TestClass.testFacebook(TestClass.java:37)
at java.base/java.util.ArrayList.forEach(ArrayList.java:1511)
... Removed 29 stack frames]]>
    </failure>
  </testcase> <!-- testFacebook -->
  <testcase classname="com.smart.extentReports.TestClass" name="testOrangeHRM" time="0.0">
    <ignored/>
  </testcase> <!-- testOrangeHRM -->
  <testcase classname="com.smart.extentReports.TestClass" name="testGoogle" time="0.0">
    <ignored/>
  </testcase> <!-- testGoogle -->
</testsuite> <!-- FacebookTest -->
