<?xml version="1.0" encoding="UTF-8"?>
<!-- Generated by org.testng.reporters.JUnitXMLReporter -->
<testsuite ignored="2" hostname="DESKTOP-F9G1IRJ" failures="0" tests="1" name="GoogleTest" time="16.539" errors="0" timestamp="2023-12-26T22:14:31 EST">
  <testcase classname="com.smart.extentReports.TestClass" name="testGoogle" time="12.601"/>
  <testcase classname="com.smart.extentReports.TestClass" name="testFacebook" time="0.0">
    <ignored/>
  </testcase> <!-- testFacebook -->
  <testcase classname="com.smart.extentReports.TestClass" name="testOrangeHRM" time="0.0">
    <ignored/>
  </testcase> <!-- testOrangeHRM -->
</testsuite> <!-- GoogleTest -->
