<?xml version="1.0" encoding="UTF-8"?>
<!-- Generated by org.testng.reporters.JUnitXMLReporter -->
<testsuite ignored="2" hostname="DESKTOP-F9G1IRJ" failures="0" tests="3" name="OrangeHRMLogin" time="19.577" errors="0" timestamp="2023-12-20T21:29:21 EST">
  <testcase classname="session10.OrangeHRMParameters" name="launchApp" time="3.305"/>
  <testcase classname="session10.OrangeHRMParameters" name="enterLoginDetails" time="6.474"/>
  <testcase classname="session10.OrangeHRMParameters" name="verifyLogin" time="0.374"/>
  <testcase classname="session10.OrangeHRMParameters" name="navigateToMyInfo" time="0.0">
    <ignored/>
  </testcase> <!-- navigateToMyInfo -->
  <testcase classname="session10.OrangeHRMParameters" name="verifyMyInfo" time="0.0">
    <ignored/>
  </testcase> <!-- verifyMyInfo -->
</testsuite> <!-- OrangeHRMLogin -->
