<?xml version="1.0" encoding="UTF-8"?>
<!-- Generated by org.testng.reporters.JUnitXMLReporter -->
<testsuite ignored="1" hostname="DESKTOP-F9G1IRJ" failures="0" tests="4" name="OrangeHRMMyInfo" time="37.407" errors="0" timestamp="2023-12-20T21:29:58 EST">
  <testcase classname="session10.OrangeHRMParameters" name="launchApp" time="4.576"/>
  <testcase classname="session10.OrangeHRMParameters" name="enterLoginDetails" time="8.075"/>
  <testcase classname="session10.OrangeHRMParameters" name="navigateToMyInfo" time="1.549"/>
  <testcase classname="session10.OrangeHRMParameters" name="verifyMyInfo" time="0.422"/>
  <testcase classname="session10.OrangeHRMParameters" name="verifyLogin" time="0.0">
    <ignored/>
  </testcase> <!-- verifyLogin -->
</testsuite> <!-- OrangeHRMMyInfo -->
