<?xml version="1.0" encoding="UTF-8"?>
<!-- Generated by org.testng.reporters.JUnitXMLReporter -->
<testsuite ignored="0" hostname="DESKTOP-F9G1IRJ" failures="0" tests="11" name="Test1" time="0.186" errors="0" timestamp="2023-12-25T10:22:46 EST">
  <testcase classname="parallelExecution.TestClass2" name="testMethod5" time="0.018"/>
  <testcase classname="parallelExecution.TestClass1" name="testMethod1" time="0.021"/>
  <testcase classname="parallelExecution.TestClass3" name="testMethod10" time="0.01"/>
  <testcase classname="parallelExecution.TestClass1" name="testMethod2" time="0.003"/>
  <testcase classname="parallelExecution.TestClass3" name="testMethod11" time="0.005"/>
  <testcase classname="parallelExecution.TestClass3" name="testMethod8" time="0.004"/>
  <testcase classname="parallelExecution.TestClass1" name="testMethod3" time="0.017"/>
  <testcase classname="parallelExecution.TestClass3" name="testMethod9" time="0.012"/>
  <testcase classname="parallelExecution.TestClass1" name="testMethod4" time="0.003"/>
  <testcase classname="parallelExecution.TestClass2" name="testMethod6" time="0.048"/>
  <testcase classname="parallelExecution.TestClass2" name="testMethod7" time="0.003"/>
</testsuite> <!-- Test1 -->
