<?xml version="1.0" encoding="UTF-8"?>
<!-- Generated by org.testng.reporters.JUnitXMLReporter -->
<testsuite ignored="0" hostname="DESKTOP-F9G1IRJ" failures="0" tests="4" name="Test3" time="0.032" errors="0" timestamp="2023-12-25T10:22:46 EST">
  <testcase classname="parallelExecution.TestClass3" name="testMethod10" time="0.001"/>
  <testcase classname="parallelExecution.TestClass3" name="testMethod11" time="0.006"/>
  <testcase classname="parallelExecution.TestClass3" name="testMethod8" time="0.004"/>
  <testcase classname="parallelExecution.TestClass3" name="testMethod9" time="0.002"/>
</testsuite> <!-- Test3 -->
