<?xml version="1.0" encoding="UTF-8"?>
<!-- Generated by org.testng.reporters.JUnitXMLReporter -->
<testsuite ignored="0" hostname="DESKTOP-F9G1IRJ" failures="0" tests="3" name="Test2" time="0.025" errors="0" timestamp="2023-12-25T10:22:46 EST">
  <testcase classname="parallelExecution.TestClass2" name="testMethod5" time="0.002"/>
  <testcase classname="parallelExecution.TestClass2" name="testMethod6" time="0.002"/>
  <testcase classname="parallelExecution.TestClass2" name="testMethod7" time="0.002"/>
</testsuite> <!-- Test2 -->
