<?xml version="1.0" encoding="UTF-8"?>
<!-- Generated by org.testng.reporters.JUnitXMLReporter -->
<testsuite ignored="4" hostname="DESKTOP-F9G1IRJ" failures="1" tests="3" name="Test_2" time="1.06" errors="0" timestamp="2023-12-26T21:32:38 EST">
  <testcase classname="com.smart.listeners.TestClass1" name="testMethod3" time="1.018">
    <failure type="org.testng.internal.thread.ThreadTimeoutException" message="Method com.smart.listeners.TestClass1.testMethod3() didn&amp;apos;t finish within the time-out 1000">
      <![CDATA[org.testng.internal.thread.ThreadTimeoutException: Method com.smart.listeners.TestClass1.testMethod3() didn't finish within the time-out 1000
at java.base@17.0.6/java.lang.Thread.sleep(Native Method)
at app//com.smart.listeners.TestClass1.testMethod3(TestClass1.java:21)
at java.base@17.0.6/java.util.concurrent.FutureTask.run(FutureTask.java:264)
at java.base@17.0.6/java.util.concurrent.ThreadPoolExecutor.runWorker(ThreadPoolExecutor.java:1136)
at java.base@17.0.6/java.util.concurrent.ThreadPoolExecutor$Worker.run(ThreadPoolExecutor.java:635)
at java.base@17.0.6/java.lang.Thread.run(Thread.java:833)
... Removed 8 stack frames]]>
    </failure>
  </testcase> <!-- testMethod3 -->
  <testcase classname="com.smart.listeners.TestClass1" name="testMethod4" time="0.001">
    <skipped/>
  </testcase> <!-- testMethod4 -->
  <testcase classname="com.smart.listeners.TestClass1" name="testMethod7" time="0.005"/>
  <testcase classname="com.smart.listeners.TestClass1" name="testMethod6" time="0.0">
    <ignored/>
  </testcase> <!-- testMethod6 -->
  <testcase classname="com.smart.listeners.TestClass1" name="testMethod5" time="0.0">
    <ignored/>
  </testcase> <!-- testMethod5 -->
  <testcase classname="com.smart.listeners.TestClass1" name="testMethod1" time="0.0">
    <ignored/>
  </testcase> <!-- testMethod1 -->
  <testcase classname="com.smart.listeners.TestClass1" name="testMethod2" time="0.0">
    <ignored/>
  </testcase> <!-- testMethod2 -->
</testsuite> <!-- Test_2 -->
