<?xml version="1.0" encoding="UTF-8"?>
<!-- Generated by org.testng.reporters.JUnitXMLReporter -->
<testsuite ignored="4" hostname="DESKTOP-F9G1IRJ" failures="1" tests="3" name="Test_1" time="0.157" errors="0" timestamp="2023-12-26T21:32:37 EST">
  <testcase classname="com.smart.listeners.TestClass1" name="testMethod1" time="0.017"/>
  <testcase classname="com.smart.listeners.TestClass1" name="testMethod2" time="0.009">
    <failure type="java.lang.AssertionError" message="null">
      <![CDATA[java.lang.AssertionError: null
at com.smart.listeners.TestClass1.testMethod2(TestClass1.java:17)
at java.base/java.util.ArrayList.forEach(ArrayList.java:1511)
... Removed 29 stack frames]]>
    </failure>
  </testcase> <!-- testMethod2 -->
  <testcase classname="com.smart.listeners.TestClass1" name="testMethod6" time="0.012"/>
  <testcase classname="com.smart.listeners.TestClass1" name="testMethod3" time="0.0">
    <ignored/>
  </testcase> <!-- testMethod3 -->
  <testcase classname="com.smart.listeners.TestClass1" name="testMethod4" time="0.0">
    <ignored/>
  </testcase> <!-- testMethod4 -->
  <testcase classname="com.smart.listeners.TestClass1" name="testMethod5" time="0.0">
    <ignored/>
  </testcase> <!-- testMethod5 -->
  <testcase classname="com.smart.listeners.TestClass1" name="testMethod7" time="0.0">
    <ignored/>
  </testcase> <!-- testMethod7 -->
</testsuite> <!-- Test_1 -->
