<?xml version="1.0" encoding="UTF-8"?>
<testng-results ignored="0" total="2" passed="2" failed="0" skipped="0">
  <reporter-output>
  </reporter-output>
  <suite started-at="2024-01-03T23:11:31 EST" name="Default suite" finished-at="2024-01-03T23:12:18 EST" duration-ms="47277">
    <groups>
    </groups>
    <test started-at="2024-01-03T23:11:31 EST" name="Default test" finished-at="2024-01-03T23:12:18 EST" duration-ms="47277">
      <class name="session12.LoginTest">
        <test-method signature="testLogin(java.lang.String,java.lang.String)[pri:0, instance:session12.LoginTest@69e153c5]" started-at="2024-01-03T23:11:32 EST" name="testLogin" data-provider="loginData" finished-at="2024-01-03T23:11:58 EST" duration-ms="25762" status="PASS">
          <params>
            <param index="0">
              <value>
                <![CDATA[username1]]>
              </value>
            </param>
            <param index="1">
              <value>
                <![CDATA[password1]]>
              </value>
            </param>
          </params>
          <reporter-output>
          </reporter-output>
        </test-method> <!-- testLogin -->
        <test-method signature="testLogin(java.lang.String,java.lang.String)[pri:0, instance:session12.LoginTest@69e153c5]" started-at="2024-01-03T23:11:58 EST" name="testLogin" data-provider="loginData" finished-at="2024-01-03T23:12:18 EST" duration-ms="20060" status="PASS">
          <params>
            <param index="0">
              <value>
                <![CDATA[username2]]>
              </value>
            </param>
            <param index="1">
              <value>
                <![CDATA[password2]]>
              </value>
            </param>
          </params>
          <reporter-output>
          </reporter-output>
        </test-method> <!-- testLogin -->
      </class> <!-- session12.LoginTest -->
    </test> <!-- Default test -->
  </suite> <!-- Default suite -->
</testng-results>
